[2025-05-20 12:22:34] [ERROR] [Database error in UserModel::getAllDoctors] Unknown column 's.license_number' in 'field list'
[2025-05-20 12:35:46] [ERROR] [System error in WebRouter::dispatch] Controller file not found: C:\xampp\htdocs\Nyalife-HMS-System\includes\core/../controllers/web/LabRequestController.php
[2025-05-20 12:35:50] [ERROR] [System error in WebRouter::dispatch] Controller file not found: C:\xampp\htdocs\Nyalife-HMS-System\includes\core/../controllers/web/PharmacyController.php
[2025-05-20 12:35:54] [ERROR] [System error in WebRouter::dispatch] Controller file not found: C:\xampp\htdocs\Nyalife-HMS-System\includes\core/../controllers/web/PharmacyController.php
[2025-05-20 12:35:56] [ERROR] [System error in WebRouter::dispatch] Controller file not found: C:\xampp\htdocs\Nyalife-HMS-System\includes\core/../controllers/web/PharmacyController.php
[2025-05-20 12:35:59] [ERROR] [System error in WebRouter::dispatch] Controller file not found: C:\xampp\htdocs\Nyalife-HMS-System\includes\core/../controllers/web/PrescriptionController.php
[2025-05-20 12:36:08] [ERROR] [Database error in PatientModel::getMedicalHistory] Unknown column 'mh.created_by' in 'on clause'
[2025-05-20 16:28:12] [ERROR] [System error in WebRouter::dispatch] Controller file not found: C:\xampp\htdocs\Nyalife-HMS-System\includes\core/../controllers/web/PharmacyController.php
[2025-05-20 16:36:53] [ERROR] [Database error in AppointmentModel::getAllAppointmentsByDate] Table 'nyalife_hms.doctors' doesn't exist
[2025-05-20 16:36:53] [ERROR] [Database error in AppointmentModel::getUpcomingAppointmentsByDateRange] Table 'nyalife_hms.doctors' doesn't exist
[2025-05-20 16:37:00] [ERROR] [Database error in AppointmentModel::getAllAppointmentsByDate] Table 'nyalife_hms.doctors' doesn't exist
[2025-05-20 16:37:00] [ERROR] [Database error in AppointmentModel::getUpcomingAppointmentsByDateRange] Table 'nyalife_hms.doctors' doesn't exist
[2025-05-20 16:37:25] [ERROR] [Database error in PatientModel::getMedicalHistory] Unknown column 'mh.created_by' in 'on clause'
[2025-05-20 16:37:37] [ERROR] [Database error in PatientModel::getMedicalHistory] Unknown column 'mh.created_by' in 'on clause'
[2025-05-20 16:37:54] [ERROR] [Database error in PatientModel::getMedicalHistory] Unknown column 'mh.created_by' in 'on clause'
[2025-05-20 16:41:31] [ERROR] [Database error in AppointmentModel::getAllAppointmentsByDate] Table 'nyalife_hms.doctors' doesn't exist
[2025-05-20 16:41:31] [ERROR] [Database error in AppointmentModel::getUpcomingAppointmentsByDateRange] Table 'nyalife_hms.doctors' doesn't exist
[2025-05-20 16:41:33] [ERROR] [Database error in AppointmentModel::getAllAppointmentsByDate] Table 'nyalife_hms.doctors' doesn't exist
[2025-05-20 16:41:33] [ERROR] [Database error in AppointmentModel::getUpcomingAppointmentsByDateRange] Table 'nyalife_hms.doctors' doesn't exist
[2025-05-20 16:42:40] [ERROR] [Database error in LabTestModel::getPendingTests] Table 'nyalife_hms.lab_requests' doesn't exist
[2025-05-20 16:42:40] [ERROR] [Database error in LabTestModel::getCompletedTests] Table 'nyalife_hms.lab_requests' doesn't exist
[2025-05-20 16:56:06] [ERROR] [Database error in PrescriptionModel::getAllPrescriptions] Table 'nyalife_hms.doctors' doesn't exist
[2025-05-20 16:56:06] [ERROR] [Database error in PrescriptionModel::getCompletedPrescriptions] Table 'nyalife_hms.doctors' doesn't exist
[2025-05-20 17:14:38] [ERROR] [Database error in AppointmentModel::getPastPatientAppointments] Table 'nyalife_hms.doctors' doesn't exist
[2025-05-20 17:23:31] [ERROR] [Database error in AppointmentModel::getPastPatientAppointments] Table 'nyalife_hms.doctors' doesn't exist
[2025-05-20 17:23:33] [ERROR] [Database error in AppointmentModel::getPastPatientAppointments] Table 'nyalife_hms.doctors' doesn't exist
[2025-05-20 19:30:32] [ERROR] [Database error in AppointmentModel::getPastPatientAppointments] Table 'nyalife_hms.doctors' doesn't exist
[2025-05-20 19:52:52] [ERROR] [Database error in AppointmentModel::getPastPatientAppointments] Table 'nyalife_hms.doctors' doesn't exist
[2025-05-20 20:11:48] [ERROR] [Database error in AppointmentModel::getPastPatientAppointments] Table 'nyalife_hms.doctors' doesn't exist
[2025-05-20 20:19:38] [ERROR] [Database error in AppointmentModel::getPastPatientAppointments] Table 'nyalife_hms.doctors' doesn't exist
[2025-05-20 20:21:13] [ERROR] [Database error in AppointmentModel::getPastPatientAppointments] Table 'nyalife_hms.doctors' doesn't exist
[2025-05-20 20:36:19] [ERROR] [Database error in AppointmentModel::getPastPatientAppointments] Table 'nyalife_hms.doctors' doesn't exist
[2025-05-20 20:37:53] [ERROR] [Database error in AppointmentModel::getPastPatientAppointments] Table 'nyalife_hms.doctors' doesn't exist
[2025-05-20 23:14:43] [ERROR] [Database error in AppointmentModel::getPastPatientAppointments] Table 'nyalife_hms.doctors' doesn't exist
[2025-05-20 23:26:26] [ERROR] [Database error in AppointmentModel::getPastPatientAppointments] Table 'nyalife_hms.doctors' doesn't exist
[2025-05-20 23:40:20] [ERROR] [Database error in AppointmentModel::getPastPatientAppointments] Table 'nyalife_hms.doctors' doesn't exist
