[2025-06-10 14:33:22] [ERROR] [Database error in UserModel::getAllDoctors] Unknown column 's.license_number' in 'field list'
[2025-06-10 14:33:35] [ERROR] [Database error in UserModel::getAllDoctors] Unknown column 's.license_number' in 'field list'
[2025-06-10 14:34:07] [ERROR] [Database error in PatientModel::getMedicalHistory] Unknown column 'mh.created_by' in 'on clause'
[2025-06-10 14:44:55] [ERROR] [Database error in PatientModel::getMedicalHistory] Unknown column 'mh.created_by' in 'on clause'
[2025-06-10 14:48:51] [ERROR] [Database error in PatientModel::getMedicalHistory] Unknown column 'mh.created_by' in 'on clause'
[2025-06-10 14:49:31] [ERROR] [Database error in PatientModel::getMedicalHistory] Unknown column 'mh.created_by' in 'on clause'
[2025-06-10 14:50:16] [ERROR] [System error in WebRouter::dispatch] Controller file not found: C:\xampp\htdocs\Nyalife-HMS-System\includes\core/../controllers/web/web\ConsultationController.php
[2025-06-10 14:51:07] [ERROR] [System error in WebRouter::dispatch] Controller file not found: C:\xampp\htdocs\Nyalife-HMS-System\includes\core/../controllers/web/web\ConsultationController.php
[2025-06-10 14:55:50] [ERROR] [System error in WebRouter::dispatch] AuditLogger.php not found at: C:\xampp\htdocs\Nyalife-HMS-System\includes\controllers\web/../../includes/helpers/AuditLogger.php
[2025-06-10 15:09:28] [ERROR] [Database error in PrescriptionModel::getPrescriptionsByDoctor] Table 'nyalife_hms.doctors' doesn't exist
[2025-06-10 15:09:28] [ERROR] [Database error in PrescriptionModel::countPrescriptionsByDoctor] Unknown column 'doctor_id' in 'where clause'
[2025-06-10 15:09:48] [ERROR] [Database error in UserModel::getAllDoctors] Unknown column 's.license_number' in 'field list'
[2025-06-10 15:09:50] [ERROR] [System error in WebRouter::dispatch] AuditLogger.php not found at: C:\xampp\htdocs\Nyalife-HMS-System\includes\controllers\web/../../includes/helpers/AuditLogger.php
[2025-06-10 15:13:26] [ERROR] [Database error in PrescriptionModel::getPrescriptionsByDoctor] Table 'nyalife_hms.doctors' doesn't exist
[2025-06-10 15:13:26] [ERROR] [Database error in PrescriptionModel::countPrescriptionsByDoctor] Unknown column 'doctor_id' in 'where clause'
[2025-06-10 15:14:53] [ERROR] [System error in WebRouter::dispatch] AuditLogger.php not found at: C:\xampp\htdocs\Nyalife-HMS-System\includes\controllers\web/../../includes/helpers/AuditLogger.php
[2025-06-10 15:15:31] [ERROR] [Database error in PrescriptionModel::getPrescriptionsByDoctor] Table 'nyalife_hms.doctors' doesn't exist
[2025-06-10 15:15:31] [ERROR] [Database error in PrescriptionModel::countPrescriptionsByDoctor] Unknown column 'doctor_id' in 'where clause'
[2025-06-10 15:31:06] [ERROR] [System error in WebRouter::dispatch] AuditLogger.php not found at: C:\xampp\htdocs\Nyalife-HMS-System\includes\controllers\web/../../includes/helpers/AuditLogger.php
[2025-06-10 15:33:19] [ERROR] [System error in WebRouter::dispatch] AuditLogger.php not found at: C:\xampp\htdocs\Nyalife-HMS-System\includes\controllers\web/../../includes/helpers/AuditLogger.php
[2025-06-10 15:47:35] [ERROR] [Database error in UserModel::getAllDoctors] Unknown column 's.license_number' in 'field list'
[2025-06-10 15:47:40] [ERROR] [System error in WebRouter::dispatch] AuditLogger.php not found at: C:\xampp\htdocs\Nyalife-HMS-System\includes\controllers\web/../../includes/helpers/AuditLogger.php
[2025-06-10 15:48:23] [ERROR] [Database error in UserModel::getAllDoctors] Unknown column 's.license_number' in 'field list'
[2025-06-10 15:48:28] [ERROR] [System error in WebRouter::dispatch] AuditLogger.php not found at: C:\xampp\htdocs\Nyalife-HMS-System\includes\controllers\web/../../includes/helpers/AuditLogger.php
[2025-06-10 15:48:37] [ERROR] [Database error in UserModel::getAllDoctors] Unknown column 's.license_number' in 'field list'
[2025-06-10 15:53:58] [ERROR] [Database error in LabTestModel::getPendingTests] Table 'nyalife_hms.lab_requests' doesn't exist
[2025-06-10 15:53:58] [ERROR] [Database error in LabTestModel::getCompletedTests] Table 'nyalife_hms.lab_requests' doesn't exist
[2025-06-10 15:54:42] [ERROR] [Database error in LabTestModel::getPendingTests] Table 'nyalife_hms.lab_requests' doesn't exist
[2025-06-10 15:54:42] [ERROR] [Database error in LabTestModel::getCompletedTests] Table 'nyalife_hms.lab_requests' doesn't exist
[2025-06-10 15:56:08] [ERROR] [Database error in LabTestModel::getPendingTests] Table 'nyalife_hms.lab_requests' doesn't exist
[2025-06-10 15:56:08] [ERROR] [Database error in LabTestModel::getCompletedTests] Table 'nyalife_hms.lab_requests' doesn't exist
[2025-06-10 15:56:31] [ERROR] [Database error in LabTestModel::getPendingTests] Table 'nyalife_hms.lab_requests' doesn't exist
[2025-06-10 15:56:31] [ERROR] [Database error in LabTestModel::getCompletedTests] Table 'nyalife_hms.lab_requests' doesn't exist
[2025-06-10 16:09:58] [ERROR] [Database error in LabTestModel::getPendingTests] Table 'nyalife_hms.lab_requests' doesn't exist
[2025-06-10 16:09:58] [ERROR] [Database error in LabTestModel::getCompletedTests] Table 'nyalife_hms.lab_requests' doesn't exist
[2025-06-10 16:10:39] [ERROR] [Database error in LabTestModel::getCompletedTests] Table 'nyalife_hms.lab_requests' doesn't exist
[2025-06-10 16:23:36] [ERROR] [Database error in LabTestModel::getPendingTests] Table 'nyalife_hms.lab_requests' doesn't exist
[2025-06-10 16:23:36] [ERROR] [Database error in LabTestModel::getCompletedTests] Table 'nyalife_hms.lab_samples' doesn't exist
[2025-06-10 16:23:42] [ERROR] [Database error in LabTestModel::getCompletedTests] Table 'nyalife_hms.lab_samples' doesn't exist
[2025-06-10 16:23:42] [ERROR] [Database error in LabTestModel::countCompletedTests] Table 'nyalife_hms.lab_samples' doesn't exist
[2025-06-10 16:23:56] [ERROR] [Database error in LabTestModel::getPendingTests] Table 'nyalife_hms.lab_requests' doesn't exist
[2025-06-10 16:23:56] [ERROR] [Database error in LabTestModel::getCompletedTests] Table 'nyalife_hms.lab_samples' doesn't exist
[2025-06-10 16:25:39] [ERROR] [Database error in UserModel::getAllDoctors] Unknown column 's.license_number' in 'field list'
[2025-06-10 16:26:37] [ERROR] [Database error in UserModel::getAllDoctors] Unknown column 's.license_number' in 'field list'
[2025-06-10 16:26:45] [ERROR] [Database error in UserModel::getAllDoctors] Unknown column 's.license_number' in 'field list'
[2025-06-10 16:26:47] [ERROR] [Database error in UserModel::getAllDoctors] Unknown column 's.license_number' in 'field list'
[2025-06-10 16:27:44] [ERROR] [Database error in UserModel::getAllDoctors] Unknown column 's.license_number' in 'field list'
[2025-06-10 16:50:13] [ERROR] [Database error in LabTestModel::getPendingTests] Table 'nyalife_hms.lab_requests' doesn't exist
[2025-06-10 16:50:13] [ERROR] [Database error in LabTestModel::getCompletedTests] Table 'nyalife_hms.lab_samples' doesn't exist
[2025-06-10 16:50:44] [ERROR] [Database error in LabTestModel::getPendingTests] Table 'nyalife_hms.lab_requests' doesn't exist
[2025-06-10 16:50:44] [ERROR] [Database error in LabTestModel::getCompletedTests] Table 'nyalife_hms.lab_samples' doesn't exist
[2025-06-10 16:50:50] [ERROR] [Database error in LabTestModel::getSamplesByStatus] Table 'nyalife_hms.lab_samples' doesn't exist
[2025-06-10 16:50:50] [ERROR] [Database error in LabTestModel::countSamplesByStatus] Table 'nyalife_hms.lab_samples' doesn't exist
[2025-06-10 16:51:18] [ERROR] [Database error in LabTestModel::getPendingTests] Table 'nyalife_hms.lab_requests' doesn't exist
[2025-06-10 16:51:18] [ERROR] [Database error in LabTestModel::getCompletedTests] Table 'nyalife_hms.lab_samples' doesn't exist
[2025-06-10 16:51:24] [ERROR] [Database error in LabTestModel::getCompletedTests] Table 'nyalife_hms.lab_samples' doesn't exist
[2025-06-10 16:51:24] [ERROR] [Database error in LabTestModel::countCompletedTests] Table 'nyalife_hms.lab_samples' doesn't exist
[2025-06-10 16:51:40] [ERROR] [Database error in LabTestModel::getPendingTests] Table 'nyalife_hms.lab_requests' doesn't exist
[2025-06-10 16:51:40] [ERROR] [Database error in LabTestModel::getCompletedTests] Table 'nyalife_hms.lab_samples' doesn't exist
[2025-06-10 17:01:50] [ERROR] [Database error in LabTestModel::getPendingTests] Unknown column 'r.test_type_id' in 'on clause'
[2025-06-10 17:01:50] [ERROR] [Database error in LabTestModel::getCompletedTests] Unknown column 'p.first_name' in 'field list'
[2025-06-10 17:02:17] [ERROR] [Database error in LabTestModel::getPendingTests] Unknown column 'r.test_type_id' in 'on clause'
[2025-06-10 17:02:17] [ERROR] [Database error in LabTestModel::getCompletedTests] Unknown column 'p.first_name' in 'field list'
[2025-06-10 17:02:27] [ERROR] [Database error in LabTestModel::getPendingTests] Unknown column 'r.test_type_id' in 'on clause'
[2025-06-10 17:02:27] [ERROR] [Database error in LabTestModel::getCompletedTests] Unknown column 'p.first_name' in 'field list'
[2025-06-10 17:02:31] [ERROR] [Database error in LabTestModel::getSamplesByStatus] Unknown column 'p.first_name' in 'field list'
[2025-06-10 17:02:31] [ERROR] [Database error in LabTestModel::countSamplesByStatus] Unknown column 't.type_id' in 'on clause'
[2025-06-10 17:02:47] [ERROR] [Database error in LabTestModel::getCompletedTests] Unknown column 'p.first_name' in 'field list'
[2025-06-10 17:02:47] [ERROR] [Database error in LabTestModel::countCompletedTests] Unknown column 't.type_id' in 'on clause'
[2025-06-10 17:03:13] [ERROR] [Database error in LabTestModel::getPendingTests] Unknown column 'r.test_type_id' in 'on clause'
[2025-06-10 17:03:13] [ERROR] [Database error in LabTestModel::getCompletedTests] Unknown column 'p.first_name' in 'field list'
[2025-06-10 17:05:02] [ERROR] [Database error in LabTestModel::getPendingTests] Unknown column 'r.test_type_id' in 'on clause'
[2025-06-10 17:05:02] [ERROR] [Database error in LabTestModel::getCompletedTests] Unknown column 'p.first_name' in 'field list'
[2025-06-10 17:05:10] [ERROR] [Database error in LabTestModel::getSamplesByStatus] Unknown column 'p.first_name' in 'field list'
[2025-06-10 17:05:10] [ERROR] [Database error in LabTestModel::countSamplesByStatus] Unknown column 't.type_id' in 'on clause'
[2025-06-10 17:05:15] [ERROR] [Database error in LabTestModel::getPendingTests] Unknown column 'r.test_type_id' in 'on clause'
[2025-06-10 17:05:15] [ERROR] [Database error in LabTestModel::getCompletedTests] Unknown column 'p.first_name' in 'field list'
[2025-06-10 17:31:04] [ERROR] [Database error in LabTestModel::getPendingTests] Unknown column 'r.test_type_id' in 'on clause'
[2025-06-10 17:31:04] [ERROR] [Database error in LabTestModel::getCompletedTests] Unknown column 't.type_id' in 'on clause'
[2025-06-10 17:31:31] [ERROR] [Database error in LabTestModel::getPendingTests] Unknown column 'r.test_type_id' in 'on clause'
[2025-06-10 17:31:31] [ERROR] [Database error in LabTestModel::getCompletedTests] Unknown column 't.type_id' in 'on clause'
[2025-06-10 17:38:36] [ERROR] [Database error in LabTestModel::getPendingTests] Unknown column 'r.test_type_id' in 'on clause'
[2025-06-10 17:38:36] [ERROR] [Database error in LabTestModel::getCompletedTests] Unknown column 't.type_id' in 'on clause'
[2025-06-10 17:40:30] [ERROR] [Database error in LabTestModel::getPendingTests] Unknown column 'r.test_type_id' in 'on clause'
[2025-06-10 17:40:30] [ERROR] [Database error in LabTestModel::getCompletedTests] Unknown column 't.type_id' in 'on clause'
[2025-06-10 17:40:46] [ERROR] [Database error in LabTestModel::getCompletedTests] Unknown column 't.type_id' in 'on clause'
[2025-06-10 17:40:46] [ERROR] [Database error in LabTestModel::countCompletedTests] Unknown column 't.type_id' in 'on clause'
