[2025-08-22 00:48:19] [ERROR] [System error in WebRouter::dispatch] Controller class not found: api/NotificationsController
[2025-08-22 00:48:23] [ERROR] [System error in WebRouter::dispatch] Controller class not found: api/NotificationsController
[2025-08-22 00:48:53] [ERROR] [System error in WebRouter::dispatch] Controller class not found: api/NotificationsController
[2025-08-22 00:49:23] [ERROR] [System error in WebRouter::dispatch] Controller class not found: api/NotificationsController
[2025-08-22 00:49:53] [ERROR] [System error in WebRouter::dispatch] Controller class not found: api/NotificationsController
[2025-08-22 00:50:23] [ERROR] [System error in WebRouter::dispatch] Controller class not found: api/NotificationsController
[2025-08-22 00:50:54] [ERROR] [System error in WebRouter::dispatch] Controller class not found: api/NotificationsController
[2025-08-22 00:51:23] [ERROR] [System error in WebRouter::dispatch] Controller class not found: api/NotificationsController
[2025-08-22 00:51:54] [ERROR] [System error in WebRouter::dispatch] Controller class not found: api/NotificationsController
[2025-08-22 00:52:24] [ERROR] [System error in WebRouter::dispatch] Controller class not found: api/NotificationsController
[2025-08-22 00:52:54] [ERROR] [System error in WebRouter::dispatch] Controller class not found: api/NotificationsController
[2025-08-22 00:54:07] [ERROR] [System error in WebRouter::dispatch] Controller class not found: api/NotificationsController
[2025-08-22 00:54:08] [ERROR] [System error in WebRouter::dispatch] Controller class not found: api/NotificationsController
[2025-08-22 00:54:38] [ERROR] [System error in WebRouter::dispatch] Controller class not found: api/NotificationsController
[2025-08-22 00:56:47] [ERROR] [System error in WebRouter::dispatch] Controller class not found: api/NotificationsController
[2025-08-22 00:56:48] [ERROR] [System error in WebRouter::dispatch] Controller class not found: api/NotificationsController
[2025-08-22 00:56:49] [ERROR] [System error in WebRouter::dispatch] Controller class not found: api/NotificationsController
[2025-08-22 00:56:54] [ERROR] [System error in WebRouter::dispatch] Controller class not found: api/NotificationsController
[2025-08-22 00:57:24] [ERROR] [System error in WebRouter::dispatch] Controller class not found: api/NotificationsController
[2025-08-22 00:57:45] [ERROR] [Database error in NotificationModel::create] Unknown column 'appointment_id' in 'field list'
[2025-08-22 00:57:45] [ERROR] [Database error in NotificationModel::create] Unknown column 'appointment_id' in 'field list'
[2025-08-22 00:57:45] [ERROR] [System error in WebRouter::dispatch] Controller class not found: api/NotificationsController
[2025-08-22 00:58:15] [ERROR] [System error in WebRouter::dispatch] Controller class not found: api/NotificationsController
[2025-08-22 00:58:27] [ERROR] [System error in WebRouter::dispatch] Controller class not found: api/NotificationsController
[2025-08-22 00:58:34] [ERROR] [System error in WebRouter::dispatch] Controller class not found: api/NotificationsController
[2025-08-22 00:59:04] [ERROR] [System error in WebRouter::dispatch] Controller class not found: api/NotificationsController
[2025-08-22 00:59:34] [ERROR] [System error in WebRouter::dispatch] Controller class not found: api/NotificationsController
[2025-08-22 00:59:38] [ERROR] [System error in WebRouter::dispatch] Controller class not found: api/NotificationsController
[2025-08-22 00:59:43] [ERROR] [System error in WebRouter::dispatch] Controller class not found: api/NotificationsController
[2025-08-22 00:59:45] [ERROR] [System error in WebRouter::dispatch] Controller class not found: api/NotificationsController
[2025-08-22 01:00:15] [ERROR] [System error in WebRouter::dispatch] Controller class not found: api/NotificationsController
[2025-08-22 01:00:16] [ERROR] [System error in WebRouter::dispatch] Controller class not found: api/NotificationsController
[2025-08-22 01:00:32] [ERROR] [System error in WebRouter::dispatch] Controller class not found: api/NotificationsController
[2025-08-22 01:01:02] [ERROR] [System error in WebRouter::dispatch] Controller class not found: api/NotificationsController
[2025-08-22 01:01:07] [ERROR] [System error in WebRouter::dispatch] Controller class not found: api/NotificationsController
[2025-08-22 01:01:13] [ERROR] [System error in WebRouter::dispatch] Controller class not found: api/NotificationsController
[2025-08-22 01:01:43] [ERROR] [System error in WebRouter::dispatch] Controller class not found: api/NotificationsController
[2025-08-22 01:02:13] [ERROR] [Database error in NotificationModel::create] Unknown column 'appointment_id' in 'field list'
[2025-08-22 01:02:13] [ERROR] [Database error in NotificationModel::create] Unknown column 'appointment_id' in 'field list'
[2025-08-22 01:02:13] [ERROR] [System error in WebRouter::dispatch] Controller class not found: api/NotificationsController
[2025-08-22 01:02:31] [ERROR] [System error in WebRouter::dispatch] Controller class not found: api/NotificationsController
[2025-08-22 01:03:01] [ERROR] [System error in WebRouter::dispatch] Controller class not found: api/NotificationsController
[2025-08-22 01:03:26] [ERROR] [System error in WebRouter::dispatch] Controller class not found: api/NotificationsController
[2025-08-22 01:03:36] [ERROR] [System error in WebRouter::dispatch] Controller class not found: api/NotificationsController
[2025-08-22 01:04:06] [ERROR] [System error in WebRouter::dispatch] Controller class not found: api/NotificationsController
[2025-08-22 01:04:37] [ERROR] [System error in WebRouter::dispatch] Controller class not found: api/NotificationsController
[2025-08-22 01:05:07] [ERROR] [System error in WebRouter::dispatch] Controller class not found: api/NotificationsController
[2025-08-22 01:05:36] [ERROR] [System error in WebRouter::dispatch] Controller class not found: api/NotificationsController
[2025-08-22 01:05:43] [ERROR] [System error in WebRouter::dispatch] Controller class not found: api/NotificationsController
[2025-08-22 01:05:57] [ERROR] [System error in WebRouter::dispatch] Controller class not found: api/NotificationsController
[2025-08-22 01:06:28] [ERROR] [System error in WebRouter::dispatch] Controller class not found: api/NotificationsController
[2025-08-22 01:06:58] [ERROR] [System error in WebRouter::dispatch] Controller class not found: api/NotificationsController
[2025-08-22 01:07:28] [ERROR] [System error in WebRouter::dispatch] Controller class not found: api/NotificationsController
[2025-08-22 01:07:58] [ERROR] [System error in WebRouter::dispatch] Controller class not found: api/NotificationsController
[2025-08-22 01:08:28] [ERROR] [System error in WebRouter::dispatch] Controller class not found: api/NotificationsController
[2025-08-22 01:08:58] [ERROR] [System error in WebRouter::dispatch] Controller class not found: api/NotificationsController
[2025-08-22 01:09:27] [ERROR] [System error in WebRouter::dispatch] Controller class not found: api/NotificationsController
[2025-08-22 01:09:29] [ERROR] [System error in WebRouter::dispatch] Controller class not found: api/NotificationsController
[2025-08-22 01:09:44] [ERROR] [System error in WebRouter::dispatch] Controller class not found: api/NotificationsController
[2025-08-22 01:10:00] [ERROR] [System error in WebRouter::dispatch] Controller class not found: api/NotificationsController
[2025-08-22 01:10:30] [ERROR] [System error in WebRouter::dispatch] Controller class not found: api/NotificationsController
[2025-08-22 01:11:00] [ERROR] [System error in WebRouter::dispatch] Controller class not found: api/NotificationsController
[2025-08-22 01:11:30] [ERROR] [System error in WebRouter::dispatch] Controller class not found: api/NotificationsController
[2025-08-22 01:12:00] [ERROR] [System error in WebRouter::dispatch] Controller class not found: api/NotificationsController
[2025-08-22 01:12:30] [ERROR] [System error in WebRouter::dispatch] Controller class not found: api/NotificationsController
[2025-08-22 01:13:00] [ERROR] [System error in WebRouter::dispatch] Controller class not found: api/NotificationsController
[2025-08-22 01:13:30] [ERROR] [System error in WebRouter::dispatch] Controller class not found: api/NotificationsController
[2025-08-22 01:14:00] [ERROR] [System error in WebRouter::dispatch] Controller class not found: api/NotificationsController
[2025-08-22 01:14:30] [ERROR] [System error in WebRouter::dispatch] Controller class not found: api/NotificationsController
[2025-08-22 01:15:21] [ERROR] [System error in WebRouter::dispatch] Controller class not found: api/NotificationsController
[2025-08-22 01:16:21] [ERROR] [System error in WebRouter::dispatch] Controller class not found: api/NotificationsController
[2025-08-22 01:17:21] [ERROR] [System error in WebRouter::dispatch] Controller class not found: api/NotificationsController
[2025-08-22 01:18:21] [ERROR] [System error in WebRouter::dispatch] Controller class not found: api/NotificationsController
[2025-08-22 01:19:01] [ERROR] [System error in WebRouter::dispatch] Controller class not found: api/NotificationsController
[2025-08-22 01:19:39] [ERROR] [System error in WebRouter::dispatch] Controller class not found: api/NotificationsController
[2025-08-22 01:19:43] [ERROR] [System error in WebRouter::dispatch] Controller class not found: api/NotificationsController
[2025-08-22 01:20:09] [ERROR] [System error in WebRouter::dispatch] Controller class not found: api/NotificationsController
[2025-08-22 01:20:39] [ERROR] [System error in WebRouter::dispatch] Controller class not found: api/NotificationsController
[2025-08-22 01:21:09] [ERROR] [System error in WebRouter::dispatch] Controller class not found: api/NotificationsController
[2025-08-22 01:21:46] [ERROR] [System error in WebRouter::dispatch] Controller class not found: api/NotificationsController
[2025-08-22 01:21:53] [ERROR] [System error in WebRouter::dispatch] Controller class not found: api/NotificationsController
[2025-08-22 01:31:32] [ERROR] [System error in WebRouter::dispatch] Controller class not found: api/NotificationsController
[2025-08-22 01:31:36] [ERROR] [System error in WebRouter::dispatch] Controller class not found: api/NotificationsController
[2025-08-22 01:32:00] [ERROR] [System error in WebRouter::dispatch] Controller class not found: api/NotificationsController
[2025-08-22 01:32:16] [ERROR] [System error in WebRouter::dispatch] Controller class not found: api/NotificationsController
[2025-08-22 01:32:43] [ERROR] [System error in WebRouter::dispatch] Controller class not found: api/NotificationsController
[2025-08-22 01:33:04] [ERROR] [System error in WebRouter::dispatch] Controller class not found: api/NotificationsController
[2025-08-22 01:33:06] [ERROR] [System error in WebRouter::dispatch] Controller class not found: api/NotificationsController
[2025-08-22 01:33:15] [ERROR] [System error in WebRouter::dispatch] Controller class not found: api/NotificationsController
[2025-08-22 01:33:37] [ERROR] [System error in WebRouter::dispatch] Controller class not found: api/NotificationsController
[2025-08-22 01:34:03] [ERROR] [System error in WebRouter::dispatch] Controller class not found: api/NotificationsController
[2025-08-22 01:34:34] [ERROR] [System error in WebRouter::dispatch] Controller class not found: api/NotificationsController
[2025-08-22 01:35:04] [ERROR] [System error in WebRouter::dispatch] Controller class not found: api/NotificationsController
[2025-08-22 01:35:34] [ERROR] [System error in WebRouter::dispatch] Controller class not found: api/NotificationsController
[2025-08-22 01:36:04] [ERROR] [System error in WebRouter::dispatch] Controller class not found: api/NotificationsController
[2025-08-22 01:36:34] [ERROR] [System error in WebRouter::dispatch] Controller class not found: api/NotificationsController
[2025-08-22 01:37:04] [ERROR] [System error in WebRouter::dispatch] Controller class not found: api/NotificationsController
[2025-08-22 01:38:21] [ERROR] [System error in WebRouter::dispatch] Controller class not found: api/NotificationsController
[2025-08-22 01:39:21] [ERROR] [System error in WebRouter::dispatch] Controller class not found: api/NotificationsController
[2025-08-22 01:40:21] [ERROR] [System error in WebRouter::dispatch] Controller class not found: api/NotificationsController
[2025-08-22 01:41:13] [ERROR] [System error in WebRouter::dispatch] Controller class not found: api/NotificationsController
[2025-08-22 01:41:38] [ERROR] [System error in WebRouter::dispatch] Controller class not found: api/NotificationsController
[2025-08-22 01:42:04] [ERROR] [System error in WebRouter::dispatch] Controller class not found: api/NotificationsController
[2025-08-22 01:43:22] [ERROR] [System error in WebRouter::dispatch] Controller class not found: api/NotificationsController
[2025-08-22 01:43:34] [ERROR] [System error in WebRouter::dispatch] Controller class not found: api/NotificationsController
[2025-08-22 01:44:04] [ERROR] [System error in WebRouter::dispatch] Controller class not found: api/NotificationsController
[2025-08-22 01:44:34] [ERROR] [System error in WebRouter::dispatch] Controller class not found: api/NotificationsController
[2025-08-22 01:45:13] [ERROR] [System error in WebRouter::dispatch] Controller class not found: api/NotificationsController
[2025-08-22 01:45:34] [ERROR] [System error in WebRouter::dispatch] Controller class not found: api/NotificationsController
[2025-08-22 01:46:04] [ERROR] [System error in WebRouter::dispatch] Controller class not found: api/NotificationsController
[2025-08-22 01:47:21] [ERROR] [System error in WebRouter::dispatch] Controller class not found: api/NotificationsController
[2025-08-22 01:47:39] [ERROR] [System error in WebRouter::dispatch] Controller class not found: api/NotificationsController
[2025-08-22 01:48:04] [ERROR] [System error in WebRouter::dispatch] Controller class not found: api/NotificationsController
[2025-08-22 01:48:35] [ERROR] [System error in WebRouter::dispatch] Controller class not found: api/NotificationsController
[2025-08-22 01:48:42] [ERROR] [System error in WebRouter::dispatch] Controller class not found: api/NotificationsController
[2025-08-22 01:48:56] [ERROR] [System error in WebRouter::dispatch] Controller class not found: api/NotificationsController
[2025-08-22 01:49:27] [ERROR] [System error in WebRouter::dispatch] Controller class not found: api/NotificationsController
[2025-08-22 01:49:36] [ERROR] [System error in WebRouter::dispatch] Controller class not found: api/NotificationsController
[2025-08-22 01:50:06] [ERROR] [System error in WebRouter::dispatch] Controller class not found: api/NotificationsController
[2025-08-22 01:50:08] [ERROR] [System error in WebRouter::dispatch] Controller class not found: api/NotificationsController
[2025-08-22 01:50:12] [ERROR] [System error in WebRouter::dispatch] Controller class not found: api/NotificationsController
[2025-08-22 01:50:42] [ERROR] [System error in WebRouter::dispatch] Controller class not found: api/NotificationsController
[2025-08-22 01:50:48] [ERROR] [System error in WebRouter::dispatch] Controller class not found: api/NotificationsController
[2025-08-22 01:51:18] [ERROR] [System error in WebRouter::dispatch] Controller class not found: api/NotificationsController
[2025-08-22 01:51:23] [ERROR] [Database error in AppointmentModel::update] Unknown column 'updated_by' in 'field list'
[2025-08-22 01:51:23] [ERROR] [Database error in NotificationModel::create] Unknown column 'appointment_id' in 'field list'
[2025-08-22 01:51:23] [ERROR] [Database error in NotificationModel::create] Unknown column 'appointment_id' in 'field list'
[2025-08-22 01:51:23] [ERROR] [System error in WebRouter::dispatch] Controller class not found: api/NotificationsController
[2025-08-22 01:51:53] [ERROR] [System error in WebRouter::dispatch] Controller class not found: api/NotificationsController
[2025-08-22 01:52:23] [ERROR] [System error in WebRouter::dispatch] Controller class not found: api/NotificationsController
[2025-08-22 01:52:53] [ERROR] [System error in WebRouter::dispatch] Controller class not found: api/NotificationsController
[2025-08-22 01:53:24] [ERROR] [System error in WebRouter::dispatch] Controller class not found: api/NotificationsController
[2025-08-22 01:53:55] [ERROR] [System error in WebRouter::dispatch] Controller class not found: api/NotificationsController
[2025-08-22 01:54:24] [ERROR] [System error in WebRouter::dispatch] Controller class not found: api/NotificationsController
[2025-08-22 01:55:33] [ERROR] [System error in WebRouter::dispatch] Controller class not found: api/NotificationsController
[2025-08-22 01:56:21] [ERROR] [System error in WebRouter::dispatch] Controller class not found: api/NotificationsController
[2025-08-22 01:57:25] [ERROR] [System error in WebRouter::dispatch] Controller class not found: api/NotificationsController
[2025-08-22 01:58:22] [ERROR] [System error in WebRouter::dispatch] Controller class not found: api/NotificationsController
[2025-08-22 01:59:21] [ERROR] [System error in WebRouter::dispatch] Controller class not found: api/NotificationsController
[2025-08-22 01:59:38] [ERROR] [System error in WebRouter::dispatch] Action method not found: count
[2025-08-22 01:59:54] [ERROR] [System error in WebRouter::dispatch] Action method not found: count
[2025-08-22 02:22:12] [ERROR] [Database error in NotificationModel::markAsRead] Unknown column 'read_at' in 'field list'
[2025-08-22 02:22:18] [ERROR] [Database error in NotificationModel::markAllAsRead] Unknown column 'read_at' in 'field list'
[2025-08-22 15:01:39] [ERROR] [API error in /Nyalife-HMS-System/api/messages/inbox] Unauthorized access
[2025-08-22 15:02:44] [ERROR] [API error in /Nyalife-HMS-System/api/messages/inbox] Unauthorized access
